Using pre-set license
Built from '2021.1/staging' branch; Version is '2021.1.2f1 (e5d502d80fbb) revision 15062274'; Using compiler version '192528614'; Build Type 'Release'
OS: 'Windows 10 Home; OS build 19042.1348; Version 2009; 64bit' Language: 'ja' Physical Memory: 16228 MB
BatchMode: 1, IsHumanControllingUs: 0, StartBugReporterOnCrash: 0, Is64bit: 1, IsPro: 0

 COMMAND LINE ARGUMENTS:
C:\Program Files\Unity Editer Folder\2021.1.2f1\Editor\Unity.exe
-adb2
-batchMode
-noUpm
-name
AssetImportWorker1
-projectPath
C:/Users/tatsu/Desktop/Unityyou/program/Shooting
-logFile
Logs/AssetImportWorker1.log
-srvPort
54353
Successfully changed project path to: C:/Users/tatsu/Desktop/Unityyou/program/Shooting
C:/Users/tatsu/Desktop/Unityyou/program/Shooting
Using Asset Import Pipeline V2.
Refreshing native plugins compatible for Editor in 43.02 ms, found 3 plugins.
Preloading 0 native plugins for Editor in 0.00 ms.
Initialize engine version: 2021.1.2f1 (e5d502d80fbb)
[Subsystems] Discovering subsystems at path C:/Program Files/Unity Editer Folder/2021.1.2f1/Editor/Data/Resources/UnitySubsystems
[Subsystems] Discovering subsystems at path C:/Users/tatsu/Desktop/Unityyou/program/Shooting/Assets
GfxDevice: creating device client; threaded=0; jobified=0
Direct3D:
    Version:  Direct3D 11.0 [level 11.1]
    Renderer: NVIDIA GeForce RTX 2070 with Max-Q Design (ID=0x1f10)
    Vendor:   NVIDIA
    VRAM:     8031 MB
    Driver:   27.21.14.5167
Initialize mono
Mono path[0] = 'C:/Program Files/Unity Editer Folder/2021.1.2f1/Editor/Data/Managed'
Mono path[1] = 'C:/Program Files/Unity Editer Folder/2021.1.2f1/Editor/Data/MonoBleedingEdge/lib/mono/unityjit'
Mono config path = 'C:/Program Files/Unity Editer Folder/2021.1.2f1/Editor/Data/MonoBleedingEdge/etc'
Using monoOptions --debugger-agent=transport=dt_socket,embedding=1,server=y,suspend=n,address=127.0.0.1:56276
Begin MonoManager ReloadAssembly
Registering precompiled unity dll's ...
Register platform support module: C:/Program Files/Unity Editer Folder/2021.1.2f1/Editor/Data/PlaybackEngines/WindowsStandaloneSupport/UnityEditor.WindowsStandalone.Extensions.dll
Registered in 0.002248 seconds.
Native extension for WindowsStandalone target not found
Refreshing native plugins compatible for Editor in 38.08 ms, found 3 plugins.
Preloading 0 native plugins for Editor in 0.00 ms.
Mono: successfully reloaded assembly
- Completed reload, in  3.444 seconds
Platform modules already initialized, skipping
Registering precompiled user dll's ...
Registered in 0.004149 seconds.
Begin MonoManager ReloadAssembly
Native extension for WindowsStandalone target not found
Refreshing native plugins compatible for Editor in 37.91 ms, found 3 plugins.
Preloading 0 native plugins for Editor in 0.00 ms.
Mono: successfully reloaded assembly
- Completed reload, in  1.051 seconds
Platform modules already initialized, skipping
========================================================================
Worker process is ready to serve import requests
Launched and connected shader compiler UnityShaderCompiler.exe after 0.05 seconds
Refreshing native plugins compatible for Editor in 0.48 ms, found 3 plugins.
Preloading 0 native plugins for Editor in 0.00 ms.
Unloading 2229 Unused Serialized files (Serialized files now loaded: 0)
System memory in use before: 103.0 MB.
System memory in use after: 103.1 MB.

Unloading 38 unused Assets to reduce memory usage. Loaded Objects now: 2674.
Total: 3.043800 ms (FindLiveObjects: 0.186900 ms CreateObjectMapping: 0.077400 ms MarkObjects: 2.751600 ms  DeleteObjects: 0.027100 ms)

========================================================================
Received Import Request.
  path: Assets/Programs/Enemy_type2_Controller.cs
  artifactKey: Guid(6f92c54b9b8e13b4ab4e224268f43ada) Importer(815301076,1909f56bfc062723c751e8b465ee728b)
Start importing Assets/Programs/Enemy_type2_Controller.cs using Guid(6f92c54b9b8e13b4ab4e224268f43ada) Importer(815301076,1909f56bfc062723c751e8b465ee728b)  -> (artifact id: 'a39f1d0d0f3e1db1134a8fc2843a2788') in 0.032047 seconds 
========================================================================
Received Import Request.
  Time since last request: 202.963632 seconds.
  path: Assets/Programs/Enemy_type2_Controller.cs
  artifactKey: Guid(6f92c54b9b8e13b4ab4e224268f43ada) Importer(815301076,1909f56bfc062723c751e8b465ee728b)
Start importing Assets/Programs/Enemy_type2_Controller.cs using Guid(6f92c54b9b8e13b4ab4e224268f43ada) Importer(815301076,1909f56bfc062723c751e8b465ee728b)  -> (artifact id: '6bd42c4e611cf2f728b1a3d67b20e7b4') in 0.002809 seconds 
========================================================================
Received Import Request.
  Time since last request: 3.997694 seconds.
  path: Assets/Programs/Enemy_type2_Controller.cs
  artifactKey: Guid(6f92c54b9b8e13b4ab4e224268f43ada) Importer(815301076,1909f56bfc062723c751e8b465ee728b)
Start importing Assets/Programs/Enemy_type2_Controller.cs using Guid(6f92c54b9b8e13b4ab4e224268f43ada) Importer(815301076,1909f56bfc062723c751e8b465ee728b)  -> (artifact id: 'be6f321e8b9c0fa7aa4a729f6a22f069') in 0.002897 seconds 
========================================================================
Received Prepare
Registering precompiled user dll's ...
Registered in 0.004048 seconds.
Begin MonoManager ReloadAssembly
Native extension for WindowsStandalone target not found
Refreshing native plugins compatible for Editor in 0.48 ms, found 3 plugins.
Preloading 0 native plugins for Editor in 0.00 ms.
Mono: successfully reloaded assembly
- Completed reload, in  0.956 seconds
Platform modules already initialized, skipping
Switching build target platform(19) subTarget(0) extendedPlatform(0) -> platform(13) subTarget(537395200) extendedPlatform(0)
Refreshing native plugins compatible for Editor in 0.43 ms, found 3 plugins.
Preloading 0 native plugins for Editor in 0.00 ms.
Unloading 2222 Unused Serialized files (Serialized files now loaded: 0)
System memory in use before: 102.4 MB.
System memory in use after: 102.5 MB.

Unloading 27 unused Assets to reduce memory usage. Loaded Objects now: 2677.
Total: 2.561400 ms (FindLiveObjects: 0.224300 ms CreateObjectMapping: 0.104900 ms MarkObjects: 2.216500 ms  DeleteObjects: 0.014900 ms)

AssetImportParameters requested are different than current active one (requested -> active):
  custom:graphics/normal-map-encoding: 01000000000000000000000000000000 -> 02000000000000000000000000000000
========================================================================
Received Prepare
Registering precompiled user dll's ...
Registered in 0.005303 seconds.
Begin MonoManager ReloadAssembly
Native extension for WindowsStandalone target not found
Refreshing native plugins compatible for Editor in 0.49 ms, found 3 plugins.
Preloading 0 native plugins for Editor in 0.00 ms.
Mono: successfully reloaded assembly
- Completed reload, in  1.041 seconds
Platform modules already initialized, skipping
Switching build target platform(19) subTarget(0) extendedPlatform(0) -> platform(13) subTarget(537395200) extendedPlatform(0)
Refreshing native plugins compatible for Editor in 0.47 ms, found 3 plugins.
Preloading 0 native plugins for Editor in 0.00 ms.
Unloading 2222 Unused Serialized files (Serialized files now loaded: 0)
System memory in use before: 102.4 MB.
System memory in use after: 102.6 MB.

Unloading 27 unused Assets to reduce memory usage. Loaded Objects now: 2680.
Total: 2.498900 ms (FindLiveObjects: 0.158800 ms CreateObjectMapping: 0.069100 ms MarkObjects: 2.250900 ms  DeleteObjects: 0.019400 ms)

AssetImportParameters requested are different than current active one (requested -> active):
  custom:graphics/normal-map-encoding: 01000000000000000000000000000000 -> 02000000000000000000000000000000
========================================================================
Received Import Request.
  Time since last request: 32.820989 seconds.
  path: Assets/Programs/Enemy_type2_Controller.cs
  artifactKey: Guid(6f92c54b9b8e13b4ab4e224268f43ada) Importer(815301076,1909f56bfc062723c751e8b465ee728b)
Start importing Assets/Programs/Enemy_type2_Controller.cs using Guid(6f92c54b9b8e13b4ab4e224268f43ada) Importer(815301076,1909f56bfc062723c751e8b465ee728b)  -> (artifact id: 'b6e1482284d19bf4e55fd62e0dbcdfd6') in 0.007423 seconds 
========================================================================
Received Import Request.
  Time since last request: 35.465968 seconds.
  path: Assets/Programs/Enemy_type2_Controller.cs
  artifactKey: Guid(6f92c54b9b8e13b4ab4e224268f43ada) Importer(815301076,1909f56bfc062723c751e8b465ee728b)
Start importing Assets/Programs/Enemy_type2_Controller.cs using Guid(6f92c54b9b8e13b4ab4e224268f43ada) Importer(815301076,1909f56bfc062723c751e8b465ee728b)  -> (artifact id: 'f1be6189e5dfb4da626c8c887ff39623') in 0.002950 seconds 
========================================================================
Received Prepare
Registering precompiled user dll's ...
Registered in 0.004320 seconds.
Begin MonoManager ReloadAssembly
Native extension for WindowsStandalone target not found
Refreshing native plugins compatible for Editor in 0.48 ms, found 3 plugins.
Preloading 0 native plugins for Editor in 0.00 ms.
Mono: successfully reloaded assembly
- Completed reload, in  0.983 seconds
Platform modules already initialized, skipping
Switching build target platform(19) subTarget(0) extendedPlatform(0) -> platform(13) subTarget(537395200) extendedPlatform(0)
Refreshing native plugins compatible for Editor in 0.44 ms, found 3 plugins.
Preloading 0 native plugins for Editor in 0.00 ms.
Unloading 2222 Unused Serialized files (Serialized files now loaded: 0)
System memory in use before: 102.5 MB.
System memory in use after: 102.6 MB.

Unloading 27 unused Assets to reduce memory usage. Loaded Objects now: 2683.
Total: 2.789900 ms (FindLiveObjects: 0.263500 ms CreateObjectMapping: 0.107800 ms MarkObjects: 2.395200 ms  DeleteObjects: 0.021800 ms)

AssetImportParameters requested are different than current active one (requested -> active):
  custom:graphics/normal-map-encoding: 01000000000000000000000000000000 -> 02000000000000000000000000000000
========================================================================
Received Import Request.
  Time since last request: 6.576059 seconds.
  path: Assets/Programs/Enemy_type2_Controller.cs
  artifactKey: Guid(6f92c54b9b8e13b4ab4e224268f43ada) Importer(815301076,1909f56bfc062723c751e8b465ee728b)
Start importing Assets/Programs/Enemy_type2_Controller.cs using Guid(6f92c54b9b8e13b4ab4e224268f43ada) Importer(815301076,1909f56bfc062723c751e8b465ee728b)  -> (artifact id: '282b8fe7c6efb45ff6abbb72c7dfaffd') in 0.006131 seconds 
========================================================================
Received Prepare
Registering precompiled user dll's ...
Registered in 0.003772 seconds.
Begin MonoManager ReloadAssembly
Native extension for WindowsStandalone target not found
Refreshing native plugins compatible for Editor in 0.49 ms, found 3 plugins.
Preloading 0 native plugins for Editor in 0.00 ms.
Mono: successfully reloaded assembly
- Completed reload, in  1.006 seconds
Platform modules already initialized, skipping
Switching build target platform(19) subTarget(0) extendedPlatform(0) -> platform(13) subTarget(537395200) extendedPlatform(0)
Refreshing native plugins compatible for Editor in 0.43 ms, found 3 plugins.
Preloading 0 native plugins for Editor in 0.00 ms.
Unloading 2222 Unused Serialized files (Serialized files now loaded: 0)
System memory in use before: 102.5 MB.
System memory in use after: 102.6 MB.

Unloading 27 unused Assets to reduce memory usage. Loaded Objects now: 2686.
Total: 2.916300 ms (FindLiveObjects: 0.233000 ms CreateObjectMapping: 0.092600 ms MarkObjects: 2.568800 ms  DeleteObjects: 0.021100 ms)

AssetImportParameters requested are different than current active one (requested -> active):
  custom:graphics/normal-map-encoding: 01000000000000000000000000000000 -> 02000000000000000000000000000000
========================================================================
Received Prepare
Registering precompiled user dll's ...
Registered in 0.004901 seconds.
Begin MonoManager ReloadAssembly
Native extension for WindowsStandalone target not found
Refreshing native plugins compatible for Editor in 0.79 ms, found 3 plugins.
Preloading 0 native plugins for Editor in 0.00 ms.
Mono: successfully reloaded assembly
- Completed reload, in  1.039 seconds
Platform modules already initialized, skipping
Switching build target platform(19) subTarget(0) extendedPlatform(0) -> platform(13) subTarget(537395200) extendedPlatform(0)
Refreshing native plugins compatible for Editor in 0.83 ms, found 3 plugins.
Preloading 0 native plugins for Editor in 0.00 ms.
Unloading 2222 Unused Serialized files (Serialized files now loaded: 0)
System memory in use before: 102.5 MB.
System memory in use after: 102.6 MB.

Unloading 27 unused Assets to reduce memory usage. Loaded Objects now: 2689.
Total: 3.695700 ms (FindLiveObjects: 0.692500 ms CreateObjectMapping: 0.365900 ms MarkObjects: 2.615700 ms  DeleteObjects: 0.019400 ms)

AssetImportParameters requested are different than current active one (requested -> active):
  custom:graphics/normal-map-encoding: 01000000000000000000000000000000 -> 02000000000000000000000000000000
========================================================================
Received Import Request.
  Time since last request: 66.447449 seconds.
  path: Assets/Programs/Enemy_type2_Controller.cs
  artifactKey: Guid(6f92c54b9b8e13b4ab4e224268f43ada) Importer(815301076,1909f56bfc062723c751e8b465ee728b)
Start importing Assets/Programs/Enemy_type2_Controller.cs using Guid(6f92c54b9b8e13b4ab4e224268f43ada) Importer(815301076,1909f56bfc062723c751e8b465ee728b)  -> (artifact id: '4f18797b4c8b64584e6de6daffacb7c1') in 0.005999 seconds 
========================================================================
Received Prepare
Registering precompiled user dll's ...
Registered in 0.004099 seconds.
Begin MonoManager ReloadAssembly
Native extension for WindowsStandalone target not found
Refreshing native plugins compatible for Editor in 0.50 ms, found 3 plugins.
Preloading 0 native plugins for Editor in 0.00 ms.
Mono: successfully reloaded assembly
- Completed reload, in  1.015 seconds
Platform modules already initialized, skipping
Switching build target platform(19) subTarget(0) extendedPlatform(0) -> platform(13) subTarget(537395200) extendedPlatform(0)
Refreshing native plugins compatible for Editor in 0.43 ms, found 3 plugins.
Preloading 0 native plugins for Editor in 0.00 ms.
Unloading 2222 Unused Serialized files (Serialized files now loaded: 0)
System memory in use before: 102.5 MB.
System memory in use after: 102.6 MB.

Unloading 27 unused Assets to reduce memory usage. Loaded Objects now: 2692.
Total: 2.180600 ms (FindLiveObjects: 0.140600 ms CreateObjectMapping: 0.073500 ms MarkObjects: 1.951100 ms  DeleteObjects: 0.014600 ms)

AssetImportParameters requested are different than current active one (requested -> active):
  custom:graphics/normal-map-encoding: 01000000000000000000000000000000 -> 02000000000000000000000000000000
========================================================================
Received Prepare
Registering precompiled user dll's ...
Registered in 0.004068 seconds.
Begin MonoManager ReloadAssembly
Native extension for WindowsStandalone target not found
Refreshing native plugins compatible for Editor in 0.49 ms, found 3 plugins.
Preloading 0 native plugins for Editor in 0.00 ms.
Mono: successfully reloaded assembly
- Completed reload, in  1.036 seconds
Platform modules already initialized, skipping
Switching build target platform(19) subTarget(0) extendedPlatform(0) -> platform(13) subTarget(537395200) extendedPlatform(0)
Refreshing native plugins compatible for Editor in 0.42 ms, found 3 plugins.
Preloading 0 native plugins for Editor in 0.00 ms.
Unloading 2222 Unused Serialized files (Serialized files now loaded: 0)
System memory in use before: 102.5 MB.
System memory in use after: 102.6 MB.

Unloading 27 unused Assets to reduce memory usage. Loaded Objects now: 2695.
Total: 2.727500 ms (FindLiveObjects: 0.276800 ms CreateObjectMapping: 0.070600 ms MarkObjects: 2.360200 ms  DeleteObjects: 0.018200 ms)

AssetImportParameters requested are different than current active one (requested -> active):
  custom:graphics/normal-map-encoding: 01000000000000000000000000000000 -> 02000000000000000000000000000000
========================================================================
Received Import Request.
  Time since last request: 42.521973 seconds.
  path: Assets/Programs/Enemy_type2_Controller.cs
  artifactKey: Guid(6f92c54b9b8e13b4ab4e224268f43ada) Importer(815301076,1909f56bfc062723c751e8b465ee728b)
Start importing Assets/Programs/Enemy_type2_Controller.cs using Guid(6f92c54b9b8e13b4ab4e224268f43ada) Importer(815301076,1909f56bfc062723c751e8b465ee728b)  -> (artifact id: 'ff6716df26361e00e08b7accaf543e1a') in 0.005118 seconds 
========================================================================
Received Import Request.
  Time since last request: 27.920137 seconds.
  path: Assets/Programs/Enemy_type2_Controller.cs
  artifactKey: Guid(6f92c54b9b8e13b4ab4e224268f43ada) Importer(815301076,1909f56bfc062723c751e8b465ee728b)
Start importing Assets/Programs/Enemy_type2_Controller.cs using Guid(6f92c54b9b8e13b4ab4e224268f43ada) Importer(815301076,1909f56bfc062723c751e8b465ee728b)  -> (artifact id: 'eb5efb2d71fd538069cc5a7d36eadead') in 0.002993 seconds 
========================================================================
Received Prepare
Registering precompiled user dll's ...
Registered in 0.003860 seconds.
Begin MonoManager ReloadAssembly
Native extension for WindowsStandalone target not found
Refreshing native plugins compatible for Editor in 0.49 ms, found 3 plugins.
Preloading 0 native plugins for Editor in 0.00 ms.
Mono: successfully reloaded assembly
- Completed reload, in  1.053 seconds
Platform modules already initialized, skipping
Switching build target platform(19) subTarget(0) extendedPlatform(0) -> platform(13) subTarget(537395200) extendedPlatform(0)
Refreshing native plugins compatible for Editor in 0.47 ms, found 3 plugins.
Preloading 0 native plugins for Editor in 0.00 ms.
Unloading 2222 Unused Serialized files (Serialized files now loaded: 0)
System memory in use before: 102.6 MB.
System memory in use after: 102.8 MB.

Unloading 27 unused Assets to reduce memory usage. Loaded Objects now: 2698.
Total: 2.461600 ms (FindLiveObjects: 0.172100 ms CreateObjectMapping: 0.091700 ms MarkObjects: 2.181400 ms  DeleteObjects: 0.015600 ms)

AssetImportParameters requested are different than current active one (requested -> active):
  custom:graphics/normal-map-encoding: 01000000000000000000000000000000 -> 02000000000000000000000000000000
========================================================================
Received Prepare
Registering precompiled user dll's ...
Registered in 0.003867 seconds.
Begin MonoManager ReloadAssembly
Native extension for WindowsStandalone target not found
Refreshing native plugins compatible for Editor in 0.48 ms, found 3 plugins.
Preloading 0 native plugins for Editor in 0.00 ms.
Mono: successfully reloaded assembly
- Completed reload, in  1.070 seconds
Platform modules already initialized, skipping
Switching build target platform(19) subTarget(0) extendedPlatform(0) -> platform(13) subTarget(537395200) extendedPlatform(0)
Refreshing native plugins compatible for Editor in 0.47 ms, found 3 plugins.
Preloading 0 native plugins for Editor in 0.00 ms.
Unloading 2222 Unused Serialized files (Serialized files now loaded: 0)
System memory in use before: 102.6 MB.
System memory in use after: 102.8 MB.

Unloading 27 unused Assets to reduce memory usage. Loaded Objects now: 2701.
Total: 2.690600 ms (FindLiveObjects: 0.364500 ms CreateObjectMapping: 0.113700 ms MarkObjects: 2.195700 ms  DeleteObjects: 0.015800 ms)

AssetImportParameters requested are different than current active one (requested -> active):
  custom:graphics/normal-map-encoding: 01000000000000000000000000000000 -> 02000000000000000000000000000000
========================================================================
Received Import Request.
  Time since last request: 79.542467 seconds.
  path: Assets/Programs/Enemy_type2_Controller.cs
  artifactKey: Guid(6f92c54b9b8e13b4ab4e224268f43ada) Importer(815301076,1909f56bfc062723c751e8b465ee728b)
Start importing Assets/Programs/Enemy_type2_Controller.cs using Guid(6f92c54b9b8e13b4ab4e224268f43ada) Importer(815301076,1909f56bfc062723c751e8b465ee728b)  -> (artifact id: 'b259ec51ef452c663d26aaa90d20012a') in 0.004749 seconds 
========================================================================
Received Prepare
Registering precompiled user dll's ...
Registered in 0.004732 seconds.
Begin MonoManager ReloadAssembly
Native extension for WindowsStandalone target not found
Refreshing native plugins compatible for Editor in 0.49 ms, found 3 plugins.
Preloading 0 native plugins for Editor in 0.00 ms.
Mono: successfully reloaded assembly
- Completed reload, in  1.016 seconds
Platform modules already initialized, skipping
Switching build target platform(19) subTarget(0) extendedPlatform(0) -> platform(13) subTarget(537395200) extendedPlatform(0)
Refreshing native plugins compatible for Editor in 0.47 ms, found 3 plugins.
Preloading 0 native plugins for Editor in 0.00 ms.
Unloading 2222 Unused Serialized files (Serialized files now loaded: 0)
System memory in use before: 102.7 MB.
System memory in use after: 102.8 MB.

Unloading 27 unused Assets to reduce memory usage. Loaded Objects now: 2704.
Total: 2.523400 ms (FindLiveObjects: 0.192900 ms CreateObjectMapping: 0.079900 ms MarkObjects: 2.235200 ms  DeleteObjects: 0.014700 ms)

AssetImportParameters requested are different than current active one (requested -> active):
  custom:graphics/normal-map-encoding: 01000000000000000000000000000000 -> 02000000000000000000000000000000
========================================================================
Received Prepare
Registering precompiled user dll's ...
Registered in 0.004105 seconds.
Begin MonoManager ReloadAssembly
Native extension for WindowsStandalone target not found
Refreshing native plugins compatible for Editor in 0.88 ms, found 3 plugins.
Preloading 0 native plugins for Editor in 0.00 ms.
Mono: successfully reloaded assembly
- Completed reload, in  1.067 seconds
Platform modules already initialized, skipping
Switching build target platform(19) subTarget(0) extendedPlatform(0) -> platform(13) subTarget(537395200) extendedPlatform(0)
Refreshing native plugins compatible for Editor in 0.49 ms, found 3 plugins.
Preloading 0 native plugins for Editor in 0.00 ms.
Unloading 2222 Unused Serialized files (Serialized files now loaded: 0)
System memory in use before: 102.7 MB.
System memory in use after: 102.8 MB.

Unloading 27 unused Assets to reduce memory usage. Loaded Objects now: 2707.
Total: 2.858600 ms (FindLiveObjects: 0.208500 ms CreateObjectMapping: 0.078700 ms MarkObjects: 2.553900 ms  DeleteObjects: 0.016500 ms)

AssetImportParameters requested are different than current active one (requested -> active):
  custom:graphics/normal-map-encoding: 01000000000000000000000000000000 -> 02000000000000000000000000000000
========================================================================
Received Import Request.
  Time since last request: 41.626398 seconds.
  path: Assets/Programs/Enemy_type2_Controller.cs
  artifactKey: Guid(6f92c54b9b8e13b4ab4e224268f43ada) Importer(815301076,1909f56bfc062723c751e8b465ee728b)
Start importing Assets/Programs/Enemy_type2_Controller.cs using Guid(6f92c54b9b8e13b4ab4e224268f43ada) Importer(815301076,1909f56bfc062723c751e8b465ee728b)  -> (artifact id: '7da65a8cf27753ef04ac17856a23e162') in 0.005218 seconds 
========================================================================
Received Prepare
Registering precompiled user dll's ...
Registered in 0.004353 seconds.
Begin MonoManager ReloadAssembly
Native extension for WindowsStandalone target not found
Refreshing native plugins compatible for Editor in 0.50 ms, found 3 plugins.
Preloading 0 native plugins for Editor in 0.00 ms.
Mono: successfully reloaded assembly
- Completed reload, in  1.098 seconds
Platform modules already initialized, skipping
Switching build target platform(19) subTarget(0) extendedPlatform(0) -> platform(13) subTarget(537395200) extendedPlatform(0)
Refreshing native plugins compatible for Editor in 0.43 ms, found 3 plugins.
Preloading 0 native plugins for Editor in 0.00 ms.
Unloading 2222 Unused Serialized files (Serialized files now loaded: 0)
System memory in use before: 102.7 MB.
System memory in use after: 102.9 MB.

Unloading 27 unused Assets to reduce memory usage. Loaded Objects now: 2710.
Total: 2.918200 ms (FindLiveObjects: 0.308200 ms CreateObjectMapping: 0.142700 ms MarkObjects: 2.448300 ms  DeleteObjects: 0.017800 ms)

AssetImportParameters requested are different than current active one (requested -> active):
  custom:graphics/normal-map-encoding: 01000000000000000000000000000000 -> 02000000000000000000000000000000
========================================================================
Received Prepare
Registering precompiled user dll's ...
Registered in 0.003913 seconds.
Begin MonoManager ReloadAssembly
Native extension for WindowsStandalone target not found
Refreshing native plugins compatible for Editor in 0.50 ms, found 3 plugins.
Preloading 0 native plugins for Editor in 0.00 ms.
Mono: successfully reloaded assembly
- Completed reload, in  1.138 seconds
Platform modules already initialized, skipping
Switching build target platform(19) subTarget(0) extendedPlatform(0) -> platform(13) subTarget(537395200) extendedPlatform(0)
Refreshing native plugins compatible for Editor in 0.48 ms, found 3 plugins.
Preloading 0 native plugins for Editor in 0.00 ms.
Unloading 2222 Unused Serialized files (Serialized files now loaded: 0)
System memory in use before: 102.7 MB.
System memory in use after: 102.9 MB.

Unloading 27 unused Assets to reduce memory usage. Loaded Objects now: 2713.
Total: 2.897200 ms (FindLiveObjects: 0.179500 ms CreateObjectMapping: 0.089400 ms MarkObjects: 2.602500 ms  DeleteObjects: 0.024800 ms)

AssetImportParameters requested are different than current active one (requested -> active):
  custom:graphics/normal-map-encoding: 01000000000000000000000000000000 -> 02000000000000000000000000000000
========================================================================
Received Prepare
Registering precompiled user dll's ...
Registered in 0.004719 seconds.
Begin MonoManager ReloadAssembly
Native extension for WindowsStandalone target not found
Refreshing native plugins compatible for Editor in 0.50 ms, found 3 plugins.
Preloading 0 native plugins for Editor in 0.00 ms.
Mono: successfully reloaded assembly
- Completed reload, in  1.046 seconds
Platform modules already initialized, skipping
Switching build target platform(19) subTarget(0) extendedPlatform(0) -> platform(13) subTarget(537395200) extendedPlatform(0)
Refreshing native plugins compatible for Editor in 0.74 ms, found 3 plugins.
Preloading 0 native plugins for Editor in 0.00 ms.
Unloading 2222 Unused Serialized files (Serialized files now loaded: 0)
System memory in use before: 102.7 MB.
System memory in use after: 102.9 MB.

Unloading 27 unused Assets to reduce memory usage. Loaded Objects now: 2716.
Total: 2.771800 ms (FindLiveObjects: 0.272200 ms CreateObjectMapping: 0.108600 ms MarkObjects: 2.342300 ms  DeleteObjects: 0.047900 ms)

AssetImportParameters requested are different than current active one (requested -> active):
  custom:graphics/normal-map-encoding: 01000000000000000000000000000000 -> 02000000000000000000000000000000
