
=== Sat Oct 23 18:07:29 2021

Packages were changed.
Update Mode: mergeDefaultDependencies

The following packages were 追加済:
  com.unity.collab-proxy@1.11.2
  com.unity.ide.visualstudio@2.0.11
  com.unity.modules.ai@1.0.0
  com.unity.modules.cloth@1.0.0
  com.unity.modules.director@1.0.0
  com.unity.modules.physics@1.0.0
  com.unity.modules.terrain@1.0.0
  com.unity.modules.terrainphysics@1.0.0
  com.unity.modules.umbra@1.0.0
  com.unity.modules.vehicles@1.0.0
  com.unity.modules.vr@1.0.0
  com.unity.modules.wind@1.0.0
  com.unity.modules.xr@1.0.0
  com.unity.timeline@1.4.8
The following packages were 更新済:
  com.unity.2d.animation をバージョン 3.2.6 から 5.0.7 へ
  com.unity.2d.pixel-perfect をバージョン 2.0.4 から 4.0.1 へ
  com.unity.2d.psdimporter をバージョン 2.1.6 から 4.1.0 へ
  com.unity.2d.spriteshape をバージョン 3.0.14 から 5.1.4 へ
  com.unity.ide.rider をバージョン 1.1.4 から 2.0.7 へ
  com.unity.ide.vscode をバージョン 1.2.3 から 1.2.4 へ
  com.unity.mobile.android-logcat をバージョン 1.2.0 から 1.2.3 へ
  com.unity.mobile.notifications をバージョン 1.0.3 から 1.4.2 へ
  com.unity.test-framework をバージョン 1.1.20 から 1.1.29 へ
  com.unity.textmeshpro をバージョン 2.1.3 から 3.0.6 へ

=== Sat Oct 23 19:32:45 2021

Packages were changed.
Update Mode: updateDependencies

The following packages were 更新済:
  com.unity.ide.rider をバージョン 2.0.7 から 3.0.5 へ
  com.unity.timeline をバージョン 1.4.8 から 1.5.4 へ
